[04-May-2022 05:24:06 UTC] PHP Fatal error:  Uncaught Error: Call to undefined function get_template_directory_url() in /Users/yokoyamayutaka/Local Sites/studiogate/app/public/wp-content/themes/studiogate/index.php:8
Stack trace:
#0 /Users/yokoyamayutaka/Local Sites/studiogate/app/public/wp-includes/template-loader.php(106): include()
#1 /Users/yokoyamayutaka/Local Sites/studiogate/app/public/wp-blog-header.php(19): require_once('/Users/yokoyama...')
#2 /Users/yokoyamayutaka/Local Sites/studiogate/app/public/index.php(17): require('/Users/yokoyama...')
#3 {main}
  thrown in /Users/yokoyamayutaka/Local Sites/studiogate/app/public/wp-content/themes/studiogate/index.php on line 8
[04-May-2022 05:25:07 UTC] PHP Fatal error:  Uncaught Error: Call to undefined function get_template_directory_url() in /Users/yokoyamayutaka/Local Sites/studiogate/app/public/wp-content/themes/studiogate/index.php:8
Stack trace:
#0 /Users/yokoyamayutaka/Local Sites/studiogate/app/public/wp-includes/template-loader.php(106): include()
#1 /Users/yokoyamayutaka/Local Sites/studiogate/app/public/wp-blog-header.php(19): require_once('/Users/yokoyama...')
#2 /Users/yokoyamayutaka/Local Sites/studiogate/app/public/index.php(17): require('/Users/yokoyama...')
#3 {main}
  thrown in /Users/yokoyamayutaka/Local Sites/studiogate/app/public/wp-content/themes/studiogate/index.php on line 8
[04-May-2022 05:25:10 UTC] PHP Fatal error:  Uncaught Error: Call to undefined function get_template_directory_url() in /Users/yokoyamayutaka/Local Sites/studiogate/app/public/wp-content/themes/studiogate/index.php:8
Stack trace:
#0 /Users/yokoyamayutaka/Local Sites/studiogate/app/public/wp-includes/template-loader.php(106): include()
#1 /Users/yokoyamayutaka/Local Sites/studiogate/app/public/wp-blog-header.php(19): require_once('/Users/yokoyama...')
#2 /Users/yokoyamayutaka/Local Sites/studiogate/app/public/index.php(17): require('/Users/yokoyama...')
#3 {main}
  thrown in /Users/yokoyamayutaka/Local Sites/studiogate/app/public/wp-content/themes/studiogate/index.php on line 8
[04-May-2022 06:50:10 UTC] PHP Parse error:  syntax error, unexpected '[', expecting '(' in /Users/yokoyamayutaka/Local Sites/studiogate/app/public/wp-content/themes/studiogate/index.php on line 74
[04-May-2022 06:50:46 UTC] PHP Parse error:  syntax error, unexpected '$the_query' (T_VARIABLE) in /Users/yokoyamayutaka/Local Sites/studiogate/app/public/wp-content/themes/studiogate/index.php on line 77
[04-May-2022 06:51:09 UTC] PHP Parse error:  syntax error, unexpected '->' (T_OBJECT_OPERATOR), expecting ';' or ',' in /Users/yokoyamayutaka/Local Sites/studiogate/app/public/wp-content/themes/studiogate/index.php on line 80
[04-May-2022 06:51:35 UTC] PHP Parse error:  syntax error, unexpected '->' (T_OBJECT_OPERATOR), expecting ';' or ',' in /Users/yokoyamayutaka/Local Sites/studiogate/app/public/wp-content/themes/studiogate/index.php on line 80
[04-May-2022 06:51:37 UTC] PHP Parse error:  syntax error, unexpected '->' (T_OBJECT_OPERATOR), expecting ';' or ',' in /Users/yokoyamayutaka/Local Sites/studiogate/app/public/wp-content/themes/studiogate/index.php on line 80
[04-May-2022 06:52:02 UTC] PHP Parse error:  syntax error, unexpected 'endwhile' (T_ENDWHILE), expecting end of file in /Users/yokoyamayutaka/Local Sites/studiogate/app/public/wp-content/themes/studiogate/index.php on line 81
[04-May-2022 06:52:55 UTC] PHP Parse error:  syntax error, unexpected 'endwhile' (T_ENDWHILE), expecting end of file in /Users/yokoyamayutaka/Local Sites/studiogate/app/public/wp-content/themes/studiogate/index.php on line 81
[04-May-2022 06:52:57 UTC] PHP Parse error:  syntax error, unexpected 'endwhile' (T_ENDWHILE), expecting end of file in /Users/yokoyamayutaka/Local Sites/studiogate/app/public/wp-content/themes/studiogate/index.php on line 81
[04-May-2022 06:56:53 UTC] PHP Parse error:  syntax error, unexpected 'endwhile' (T_ENDWHILE), expecting end of file in /Users/yokoyamayutaka/Local Sites/studiogate/app/public/wp-content/themes/studiogate/index.php on line 81
[04-May-2022 06:58:04 UTC] PHP Parse error:  syntax error, unexpected 'endwhile' (T_ENDWHILE), expecting end of file in /Users/yokoyamayutaka/Local Sites/studiogate/app/public/wp-content/themes/studiogate/index.php on line 81
[04-May-2022 06:59:01 UTC] PHP Parse error:  syntax error, unexpected 'endwhile' (T_ENDWHILE), expecting end of file in /Users/yokoyamayutaka/Local Sites/studiogate/app/public/wp-content/themes/studiogate/index.php on line 81
[04-May-2022 06:59:02 UTC] PHP Parse error:  syntax error, unexpected 'endwhile' (T_ENDWHILE), expecting end of file in /Users/yokoyamayutaka/Local Sites/studiogate/app/public/wp-content/themes/studiogate/index.php on line 81
[04-May-2022 06:59:12 UTC] PHP Parse error:  syntax error, unexpected 'else' (T_ELSE), expecting end of file in /Users/yokoyamayutaka/Local Sites/studiogate/app/public/wp-content/themes/studiogate/index.php on line 84
[04-May-2022 07:09:38 UTC] PHP Parse error:  syntax error, unexpected 'endwhile' (T_ENDWHILE), expecting end of file in /Users/yokoyamayutaka/Local Sites/studiogate/app/public/wp-content/themes/studiogate/index.php on line 81
[04-May-2022 07:14:07 UTC] PHP Parse error:  syntax error, unexpected 'endwhile' (T_ENDWHILE), expecting end of file in /Users/yokoyamayutaka/Local Sites/studiogate/app/public/wp-content/themes/studiogate/index.php on line 82
[04-May-2022 07:15:11 UTC] PHP Parse error:  syntax error, unexpected 'endwhile' (T_ENDWHILE), expecting end of file in /Users/yokoyamayutaka/Local Sites/studiogate/app/public/wp-content/themes/studiogate/index.php on line 82
[04-May-2022 07:15:13 UTC] PHP Parse error:  syntax error, unexpected 'endwhile' (T_ENDWHILE), expecting end of file in /Users/yokoyamayutaka/Local Sites/studiogate/app/public/wp-content/themes/studiogate/index.php on line 82
[04-May-2022 07:15:14 UTC] PHP Parse error:  syntax error, unexpected 'endwhile' (T_ENDWHILE), expecting end of file in /Users/yokoyamayutaka/Local Sites/studiogate/app/public/wp-content/themes/studiogate/index.php on line 82
[04-May-2022 07:20:08 UTC] PHP Parse error:  syntax error, unexpected 'endwhile' (T_ENDWHILE), expecting end of file in /Users/yokoyamayutaka/Local Sites/studiogate/app/public/wp-content/themes/studiogate/index.php on line 82
[04-May-2022 07:21:54 UTC] PHP Parse error:  syntax error, unexpected ':' in /Users/yokoyamayutaka/Local Sites/studiogate/app/public/wp-content/themes/studiogate/index.php on line 80
[04-May-2022 07:22:41 UTC] PHP Parse error:  syntax error, unexpected 'endwhile' (T_ENDWHILE), expecting elseif (T_ELSEIF) or else (T_ELSE) or endif (T_ENDIF) in /Users/yokoyamayutaka/Local Sites/studiogate/app/public/wp-content/themes/studiogate/index.php on line 82
[04-May-2022 07:23:22 UTC] PHP Parse error:  syntax error, unexpected 'endwhile' (T_ENDWHILE), expecting elseif (T_ELSEIF) or else (T_ELSE) or endif (T_ENDIF) in /Users/yokoyamayutaka/Local Sites/studiogate/app/public/wp-content/themes/studiogate/index.php on line 82
[04-May-2022 07:23:25 UTC] PHP Parse error:  syntax error, unexpected 'endwhile' (T_ENDWHILE), expecting elseif (T_ELSEIF) or else (T_ELSE) or endif (T_ENDIF) in /Users/yokoyamayutaka/Local Sites/studiogate/app/public/wp-content/themes/studiogate/index.php on line 82
[04-May-2022 07:23:39 UTC] PHP Parse error:  syntax error, unexpected 'endwhile' (T_ENDWHILE), expecting elseif (T_ELSEIF) or else (T_ELSE) or endif (T_ENDIF) in /Users/yokoyamayutaka/Local Sites/studiogate/app/public/wp-content/themes/studiogate/index.php on line 82
[04-May-2022 07:24:05 UTC] PHP Parse error:  syntax error, unexpected 'endwhile' (T_ENDWHILE), expecting elseif (T_ELSEIF) or else (T_ELSE) or endif (T_ENDIF) in /Users/yokoyamayutaka/Local Sites/studiogate/app/public/wp-content/themes/studiogate/index.php on line 82
[04-May-2022 07:26:11 UTC] PHP Parse error:  syntax error, unexpected 'endwhile' (T_ENDWHILE), expecting elseif (T_ELSEIF) or else (T_ELSE) or endif (T_ENDIF) in /Users/yokoyamayutaka/Local Sites/studiogate/app/public/wp-content/themes/studiogate/index.php on line 83
[04-May-2022 07:26:13 UTC] PHP Parse error:  syntax error, unexpected 'endwhile' (T_ENDWHILE), expecting elseif (T_ELSEIF) or else (T_ELSE) or endif (T_ENDIF) in /Users/yokoyamayutaka/Local Sites/studiogate/app/public/wp-content/themes/studiogate/index.php on line 83
[04-May-2022 07:26:52 UTC] PHP Parse error:  syntax error, unexpected 'endwhile' (T_ENDWHILE), expecting elseif (T_ELSEIF) or else (T_ELSE) or endif (T_ENDIF) in /Users/yokoyamayutaka/Local Sites/studiogate/app/public/wp-content/themes/studiogate/index.php on line 83
[04-May-2022 07:26:54 UTC] PHP Parse error:  syntax error, unexpected 'endwhile' (T_ENDWHILE), expecting elseif (T_ELSEIF) or else (T_ELSE) or endif (T_ENDIF) in /Users/yokoyamayutaka/Local Sites/studiogate/app/public/wp-content/themes/studiogate/index.php on line 83
[04-May-2022 07:27:51 UTC] PHP Parse error:  syntax error, unexpected 'endwhile' (T_ENDWHILE), expecting elseif (T_ELSEIF) or else (T_ELSE) or endif (T_ENDIF) in /Users/yokoyamayutaka/Local Sites/studiogate/app/public/wp-content/themes/studiogate/index.php on line 83
[04-May-2022 07:27:53 UTC] PHP Parse error:  syntax error, unexpected 'endwhile' (T_ENDWHILE), expecting elseif (T_ELSEIF) or else (T_ELSE) or endif (T_ENDIF) in /Users/yokoyamayutaka/Local Sites/studiogate/app/public/wp-content/themes/studiogate/index.php on line 83
[04-May-2022 07:27:53 UTC] PHP Parse error:  syntax error, unexpected 'endwhile' (T_ENDWHILE), expecting elseif (T_ELSEIF) or else (T_ELSE) or endif (T_ENDIF) in /Users/yokoyamayutaka/Local Sites/studiogate/app/public/wp-content/themes/studiogate/index.php on line 83
[04-May-2022 07:28:07 UTC] PHP Parse error:  syntax error, unexpected 'endwhile' (T_ENDWHILE), expecting elseif (T_ELSEIF) or else (T_ELSE) or endif (T_ENDIF) in /Users/yokoyamayutaka/Local Sites/studiogate/app/public/wp-content/themes/studiogate/index.php on line 83
[04-May-2022 07:33:45 UTC] PHP Parse error:  syntax error, unexpected 'endwhile' (T_ENDWHILE), expecting elseif (T_ELSEIF) or else (T_ELSE) or endif (T_ENDIF) in /Users/yokoyamayutaka/Local Sites/studiogate/app/public/wp-content/themes/studiogate/index.php on line 83
[04-May-2022 08:02:56 UTC] PHP Warning:  Invalid argument supplied for foreach() in /Users/yokoyamayutaka/Local Sites/studiogate/app/public/wp-content/themes/studiogate/index.php on line 75
[04-May-2022 08:02:56 UTC] PHP Stack trace:
[04-May-2022 08:02:56 UTC] PHP   1. {main}() /Users/yokoyamayutaka/Local Sites/studiogate/app/public/index.php:0
[04-May-2022 08:02:56 UTC] PHP   2. require() /Users/yokoyamayutaka/Local Sites/studiogate/app/public/index.php:17
[04-May-2022 08:02:56 UTC] PHP   3. require_once() /Users/yokoyamayutaka/Local Sites/studiogate/app/public/wp-blog-header.php:19
[04-May-2022 08:02:56 UTC] PHP   4. include() /Users/yokoyamayutaka/Local Sites/studiogate/app/public/wp-includes/template-loader.php:106
[04-May-2022 08:57:40 UTC] PHP Parse error:  syntax error, unexpected '}', expecting end of file in /Users/yokoyamayutaka/Local Sites/studiogate/app/public/wp-content/themes/studiogate/index.php on line 82
[04-May-2022 08:58:04 UTC] PHP Warning:  Invalid argument supplied for foreach() in /Users/yokoyamayutaka/Local Sites/studiogate/app/public/wp-content/themes/studiogate/index.php on line 75
[04-May-2022 08:58:04 UTC] PHP Stack trace:
[04-May-2022 08:58:04 UTC] PHP   1. {main}() /Users/yokoyamayutaka/Local Sites/studiogate/app/public/index.php:0
[04-May-2022 08:58:04 UTC] PHP   2. require() /Users/yokoyamayutaka/Local Sites/studiogate/app/public/index.php:17
[04-May-2022 08:58:04 UTC] PHP   3. require_once() /Users/yokoyamayutaka/Local Sites/studiogate/app/public/wp-blog-header.php:19
[04-May-2022 08:58:04 UTC] PHP   4. include() /Users/yokoyamayutaka/Local Sites/studiogate/app/public/wp-includes/template-loader.php:106
[04-May-2022 09:04:09 UTC] PHP Warning:  Invalid argument supplied for foreach() in /Users/yokoyamayutaka/Local Sites/studiogate/app/public/wp-content/themes/studiogate/index.php on line 75
[04-May-2022 09:04:09 UTC] PHP Stack trace:
[04-May-2022 09:04:09 UTC] PHP   1. {main}() /Users/yokoyamayutaka/Local Sites/studiogate/app/public/index.php:0
[04-May-2022 09:04:09 UTC] PHP   2. require() /Users/yokoyamayutaka/Local Sites/studiogate/app/public/index.php:17
[04-May-2022 09:04:09 UTC] PHP   3. require_once() /Users/yokoyamayutaka/Local Sites/studiogate/app/public/wp-blog-header.php:19
[04-May-2022 09:04:09 UTC] PHP   4. include() /Users/yokoyamayutaka/Local Sites/studiogate/app/public/wp-includes/template-loader.php:106
[04-May-2022 09:04:11 UTC] PHP Warning:  Invalid argument supplied for foreach() in /Users/yokoyamayutaka/Local Sites/studiogate/app/public/wp-content/themes/studiogate/index.php on line 75
[04-May-2022 09:04:11 UTC] PHP Stack trace:
[04-May-2022 09:04:11 UTC] PHP   1. {main}() /Users/yokoyamayutaka/Local Sites/studiogate/app/public/index.php:0
[04-May-2022 09:04:11 UTC] PHP   2. require() /Users/yokoyamayutaka/Local Sites/studiogate/app/public/index.php:17
[04-May-2022 09:04:11 UTC] PHP   3. require_once() /Users/yokoyamayutaka/Local Sites/studiogate/app/public/wp-blog-header.php:19
[04-May-2022 09:04:11 UTC] PHP   4. include() /Users/yokoyamayutaka/Local Sites/studiogate/app/public/wp-includes/template-loader.php:106
[04-May-2022 09:04:14 UTC] PHP Warning:  Invalid argument supplied for foreach() in /Users/yokoyamayutaka/Local Sites/studiogate/app/public/wp-content/themes/studiogate/index.php on line 75
[04-May-2022 09:04:14 UTC] PHP Stack trace:
[04-May-2022 09:04:14 UTC] PHP   1. {main}() /Users/yokoyamayutaka/Local Sites/studiogate/app/public/index.php:0
[04-May-2022 09:04:14 UTC] PHP   2. require() /Users/yokoyamayutaka/Local Sites/studiogate/app/public/index.php:17
[04-May-2022 09:04:14 UTC] PHP   3. require_once() /Users/yokoyamayutaka/Local Sites/studiogate/app/public/wp-blog-header.php:19
[04-May-2022 09:04:14 UTC] PHP   4. include() /Users/yokoyamayutaka/Local Sites/studiogate/app/public/wp-includes/template-loader.php:106
[04-May-2022 09:04:15 UTC] PHP Warning:  Invalid argument supplied for foreach() in /Users/yokoyamayutaka/Local Sites/studiogate/app/public/wp-content/themes/studiogate/index.php on line 75
[04-May-2022 09:04:15 UTC] PHP Stack trace:
[04-May-2022 09:04:15 UTC] PHP   1. {main}() /Users/yokoyamayutaka/Local Sites/studiogate/app/public/index.php:0
[04-May-2022 09:04:15 UTC] PHP   2. require() /Users/yokoyamayutaka/Local Sites/studiogate/app/public/index.php:17
[04-May-2022 09:04:15 UTC] PHP   3. require_once() /Users/yokoyamayutaka/Local Sites/studiogate/app/public/wp-blog-header.php:19
[04-May-2022 09:04:15 UTC] PHP   4. include() /Users/yokoyamayutaka/Local Sites/studiogate/app/public/wp-includes/template-loader.php:106
[04-May-2022 09:04:17 UTC] PHP Warning:  Invalid argument supplied for foreach() in /Users/yokoyamayutaka/Local Sites/studiogate/app/public/wp-content/themes/studiogate/index.php on line 75
[04-May-2022 09:04:17 UTC] PHP Stack trace:
[04-May-2022 09:04:17 UTC] PHP   1. {main}() /Users/yokoyamayutaka/Local Sites/studiogate/app/public/index.php:0
[04-May-2022 09:04:17 UTC] PHP   2. require() /Users/yokoyamayutaka/Local Sites/studiogate/app/public/index.php:17
[04-May-2022 09:04:17 UTC] PHP   3. require_once() /Users/yokoyamayutaka/Local Sites/studiogate/app/public/wp-blog-header.php:19
[04-May-2022 09:04:17 UTC] PHP   4. include() /Users/yokoyamayutaka/Local Sites/studiogate/app/public/wp-includes/template-loader.php:106
[04-May-2022 09:05:30 UTC] PHP Warning:  Invalid argument supplied for foreach() in /Users/yokoyamayutaka/Local Sites/studiogate/app/public/wp-content/themes/studiogate/index.php on line 74
[04-May-2022 09:05:30 UTC] PHP Stack trace:
[04-May-2022 09:05:30 UTC] PHP   1. {main}() /Users/yokoyamayutaka/Local Sites/studiogate/app/public/index.php:0
[04-May-2022 09:05:30 UTC] PHP   2. require() /Users/yokoyamayutaka/Local Sites/studiogate/app/public/index.php:17
[04-May-2022 09:05:30 UTC] PHP   3. require_once() /Users/yokoyamayutaka/Local Sites/studiogate/app/public/wp-blog-header.php:19
[04-May-2022 09:05:30 UTC] PHP   4. include() /Users/yokoyamayutaka/Local Sites/studiogate/app/public/wp-includes/template-loader.php:106
[04-May-2022 09:07:12 UTC] PHP Warning:  Invalid argument supplied for foreach() in /Users/yokoyamayutaka/Local Sites/studiogate/app/public/wp-content/themes/studiogate/index.php on line 74
[04-May-2022 09:07:12 UTC] PHP Stack trace:
[04-May-2022 09:07:12 UTC] PHP   1. {main}() /Users/yokoyamayutaka/Local Sites/studiogate/app/public/index.php:0
[04-May-2022 09:07:12 UTC] PHP   2. require() /Users/yokoyamayutaka/Local Sites/studiogate/app/public/index.php:17
[04-May-2022 09:07:12 UTC] PHP   3. require_once() /Users/yokoyamayutaka/Local Sites/studiogate/app/public/wp-blog-header.php:19
[04-May-2022 09:07:12 UTC] PHP   4. include() /Users/yokoyamayutaka/Local Sites/studiogate/app/public/wp-includes/template-loader.php:106
[04-May-2022 09:07:23 UTC] PHP Warning:  Invalid argument supplied for foreach() in /Users/yokoyamayutaka/Local Sites/studiogate/app/public/wp-content/themes/studiogate/index.php on line 75
[04-May-2022 09:07:23 UTC] PHP Stack trace:
[04-May-2022 09:07:23 UTC] PHP   1. {main}() /Users/yokoyamayutaka/Local Sites/studiogate/app/public/index.php:0
[04-May-2022 09:07:23 UTC] PHP   2. require() /Users/yokoyamayutaka/Local Sites/studiogate/app/public/index.php:17
[04-May-2022 09:07:23 UTC] PHP   3. require_once() /Users/yokoyamayutaka/Local Sites/studiogate/app/public/wp-blog-header.php:19
[04-May-2022 09:07:23 UTC] PHP   4. include() /Users/yokoyamayutaka/Local Sites/studiogate/app/public/wp-includes/template-loader.php:106
